<?xml version="1.0" encoding="UTF-8"?>
<testsuite xmlns:xsi="http://www.w3.org/2001/XMLSchema-instance" xsi:noNamespaceSchemaLocation="https://maven.apache.org/surefire/maven-surefire-plugin/xsd/surefire-test-report.xsd" name="spw4.game2048.BoardTest" time="0.537" tests="18" errors="0" skipped="0" failures="0">
  <properties>
[...]
</properties>
  <testcase name="isFullReturnsFalseWhenOneTileZero" classname="spw4.game2048.BoardTest" time="0.024"/>
  <testcase name="setTileValue_whenInvalidPositionThrowsIllegalArgumentException{int, int}[1]" classname="spw4.game2048.BoardTest" time="0.033"/>
  <testcase name="setTileValue_whenInvalidPositionThrowsIllegalArgumentException{int, int}[2]" classname="spw4.game2048.BoardTest" time="0.001"/>
  <testcase name="setTileValue_whenInvalidPositionThrowsIllegalArgumentException{int, int}[3]" classname="spw4.game2048.BoardTest" time="0.001"/>
  <testcase name="setTileValue_whenInvalidPositionThrowsIllegalArgumentException{int, int}[4]" classname="spw4.game2048.BoardTest" time="0.001"/>
  <testcase name="spawnRandomTilesSetsTwoTwosAtRandomPositions" classname="spw4.game2048.BoardTest" time="0.399"/>
  <testcase name="getTileValue_whenInvalidPositionThrowsIllegalArgumentException{int, int}[1]" classname="spw4.game2048.BoardTest" time="0.001"/>
  <testcase name="getTileValue_whenInvalidPositionThrowsIllegalArgumentException{int, int}[2]" classname="spw4.game2048.BoardTest" time="0"/>
  <testcase name="getTileValue_whenInvalidPositionThrowsIllegalArgumentException{int, int}[3]" classname="spw4.game2048.BoardTest" time="0"/>
  <testcase name="getTileValue_whenInvalidPositionThrowsIllegalArgumentException{int, int}[4]" classname="spw4.game2048.BoardTest" time="0"/>
  <testcase name="initializeSetsTwoTwosAtRandomPositions" classname="spw4.game2048.BoardTest" time="0.001"/>
  <testcase name="spawnRandomTiles_doesNotOverrideTheValueOfATileAtARandomPosition" classname="spw4.game2048.BoardTest" time="0.003"/>
  <testcase name="setTileValue_whenInvalidValueThrowsIllegalArgumentException{int}[1]" classname="spw4.game2048.BoardTest" time="0.002"/>
  <testcase name="setTileValue_whenInvalidValueThrowsIllegalArgumentException{int}[2]" classname="spw4.game2048.BoardTest" time="0.001"/>
  <testcase name="setTileValue_whenInvalidValueThrowsIllegalArgumentException{int}[3]" classname="spw4.game2048.BoardTest" time="0"/>
  <testcase name="setTileValueReturnsInputValue" classname="spw4.game2048.BoardTest" time="0"/>
  <testcase name="isFullReturnsFalseWhenEmpty" classname="spw4.game2048.BoardTest" time="0"/>
  <testcase name="isFullReturnsTrueWhenNotEmpty" classname="spw4.game2048.BoardTest" time="0.001"/>
</testsuite>